{"C:\\Users\\jpendhar\\VueRND\\tvshow_vuex_v1\\src\\assets\\tvm-header-logo.png": {"path":"C:\\Users\\jpendhar\\VueRND\\tvshow_vuex_v1\\src\\assets\\tvm-header-logo.png","statementMap":{"0":{"start":{"line":1,"column":0},"end":{"line":1,"column":19}}},"fnMap":{},"branchMap":{},"s":{"0":1},"f":{},"b":{},"_coverageSchema":"43e27e138ebf9cfc5966b082cf9a028302ed4184","hash":"cb5e1020cd346777c1994815d8ace20e7290a13c"}
,"C:/Users/jpendhar/VueRND/tvshow_vuex_v1/src/components/TvShowHeader.vue": {"path":"C:/Users/jpendhar/VueRND/tvshow_vuex_v1/src/components/TvShowHeader.vue","statementMap":{"0":{"start":{"line":20,"column":0},"end":{"line":20,"column":null}},"1":{"start":{"line":21,"column":0},"end":{"line":21,"column":null}},"2":{"start":{"line":22,"column":0},"end":{"line":22,"column":null}},"3":{"start":{"line":23,"column":15},"end":{"line":23,"column":null}},"4":{"start":{"line":24,"column":14},"end":{"line":24,"column":null}},"5":{"start":{"line":25,"column":19},"end":{"line":25,"column":23}},"6":{"start":{"line":27,"column":2},"end":{"line":27,"column":7}},"7":{"start":{"line":28,"column":2},"end":{"line":28,"column":8}}},"fnMap":{"0":{"name":"searchData","decl":{"start":{"line":26,"column":9},"end":{"line":26,"column":22}},"loc":{"start":{"line":26,"column":22},"end":{"line":29,"column":null}}}},"branchMap":{},"s":{"0":1,"1":1,"2":1,"3":1,"4":1,"5":1,"6":1,"7":1},"f":{"0":1},"b":{}}
,"C:\\Users\\jpendhar\\VueRND\\tvshow_vuex_v1\\src\\store\\_test_\\index.js": {"path":"C:\\Users\\jpendhar\\VueRND\\tvshow_vuex_v1\\src\\store\\_test_\\index.js","statementMap":{},"fnMap":{},"branchMap":{},"s":{},"f":{},"b":{},"_coverageSchema":"43e27e138ebf9cfc5966b082cf9a028302ed4184","hash":"7339edee1e545a9a3a6d26258d50bf737f90ee4e"}
}
